e:\baidunetdiskdownload\directshowvs2019-demo\hellomfc\hellomfc\x64\release\hellomfc.pch
e:\baidunetdiskdownload\directshowvs2019-demo\hellomfc\hellomfc\x64\release\vc143.pdb
e:\baidunetdiskdownload\directshowvs2019-demo\hellomfc\hellomfc\x64\release\pch.obj
e:\baidunetdiskdownload\directshowvs2019-demo\hellomfc\hellomfc\x64\release\samplegrabbercallback.obj
e:\baidunetdiskdownload\directshowvs2019-demo\hellomfc\hellomfc\x64\release\hellomfcdlg.obj
e:\baidunetdiskdownload\directshowvs2019-demo\hellomfc\hellomfc\x64\release\hellomfc.obj
e:\baidunetdiskdownload\directshowvs2019-demo\hellomfc\hellomfc\x64\release\capturevideo.obj
e:\baidunetdiskdownload\directshowvs2019-demo\hellomfc\x64\release\hellomfc.exe
e:\baidunetdiskdownload\directshowvs2019-demo\hellomfc\hellomfc\x64\release\hellomfc.ipdb
e:\baidunetdiskdownload\directshowvs2019-demo\hellomfc\x64\release\hellomfc.pdb
e:\baidunetdiskdownload\directshowvs2019-demo\hellomfc\hellomfc\x64\release\hellomfc.iobj
e:\baidunetdiskdownload\directshowvs2019-demo\hellomfc\hellomfc\x64\release\hellomfc.res
e:\baidunetdiskdownload\directshowvs2019-demo\hellomfc\hellomfc\x64\release\hellomfc.tlog\cl.command.1.tlog
e:\baidunetdiskdownload\directshowvs2019-demo\hellomfc\hellomfc\x64\release\hellomfc.tlog\cl.read.1.tlog
e:\baidunetdiskdownload\directshowvs2019-demo\hellomfc\hellomfc\x64\release\hellomfc.tlog\cl.write.1.tlog
e:\baidunetdiskdownload\directshowvs2019-demo\hellomfc\hellomfc\x64\release\hellomfc.tlog\link.command.1.tlog
e:\baidunetdiskdownload\directshowvs2019-demo\hellomfc\hellomfc\x64\release\hellomfc.tlog\link.read.1.tlog
e:\baidunetdiskdownload\directshowvs2019-demo\hellomfc\hellomfc\x64\release\hellomfc.tlog\link.write.1.tlog
e:\baidunetdiskdownload\directshowvs2019-demo\hellomfc\hellomfc\x64\release\hellomfc.tlog\rc.command.1.tlog
e:\baidunetdiskdownload\directshowvs2019-demo\hellomfc\hellomfc\x64\release\hellomfc.tlog\rc.read.1.tlog
e:\baidunetdiskdownload\directshowvs2019-demo\hellomfc\hellomfc\x64\release\hellomfc.tlog\rc.write.1.tlog
