e:\baidunetdiskdownload\directshowvs2019-demo\hellomfc\hellomfc\x64\debug\hellomfc.pch
e:\baidunetdiskdownload\directshowvs2019-demo\hellomfc\hellomfc\x64\debug\vc143.pdb
e:\baidunetdiskdownload\directshowvs2019-demo\hellomfc\hellomfc\x64\debug\vc143.idb
e:\baidunetdiskdownload\directshowvs2019-demo\hellomfc\hellomfc\x64\debug\pch.obj
e:\baidunetdiskdownload\directshowvs2019-demo\hellomfc\hellomfc\x64\debug\samplegrabbercallback.obj
e:\baidunetdiskdownload\directshowvs2019-demo\hellomfc\hellomfc\x64\debug\hellomfcdlg.obj
e:\baidunetdiskdownload\directshowvs2019-demo\hellomfc\hellomfc\x64\debug\hellomfc.obj
e:\baidunetdiskdownload\directshowvs2019-demo\hellomfc\hellomfc\x64\debug\capturevideo.obj
e:\baidunetdiskdownload\directshowvs2019-demo\hellomfc\hellomfc\x64\debug\hellomfc.ilk
e:\baidunetdiskdownload\directshowvs2019-demo\hellomfc\x64\debug\hellomfc.exe
e:\baidunetdiskdownload\directshowvs2019-demo\hellomfc\x64\debug\hellomfc.pdb
e:\baidunetdiskdownload\directshowvs2019-demo\hellomfc\hellomfc\x64\debug\hellomfc.res
e:\baidunetdiskdownload\directshowvs2019-demo\hellomfc\hellomfc\x64\debug\hellomfc.tlog\cl.command.1.tlog
e:\baidunetdiskdownload\directshowvs2019-demo\hellomfc\hellomfc\x64\debug\hellomfc.tlog\cl.read.1.tlog
e:\baidunetdiskdownload\directshowvs2019-demo\hellomfc\hellomfc\x64\debug\hellomfc.tlog\cl.write.1.tlog
e:\baidunetdiskdownload\directshowvs2019-demo\hellomfc\hellomfc\x64\debug\hellomfc.tlog\link.command.1.tlog
e:\baidunetdiskdownload\directshowvs2019-demo\hellomfc\hellomfc\x64\debug\hellomfc.tlog\link.read.1.tlog
e:\baidunetdiskdownload\directshowvs2019-demo\hellomfc\hellomfc\x64\debug\hellomfc.tlog\link.write.1.tlog
e:\baidunetdiskdownload\directshowvs2019-demo\hellomfc\hellomfc\x64\debug\hellomfc.tlog\rc.command.1.tlog
e:\baidunetdiskdownload\directshowvs2019-demo\hellomfc\hellomfc\x64\debug\hellomfc.tlog\rc.read.1.tlog
e:\baidunetdiskdownload\directshowvs2019-demo\hellomfc\hellomfc\x64\debug\hellomfc.tlog\rc.write.1.tlog
